
Showing logs for build [32mcb-kubecd-bdd-nh-1584718432-pr-rz9x4-1[0m stage [32mfrom-build-pack[0m and container [32mstep-credential-initializer-gxm45[0m
{"level":"warn","ts":1584724579.1013732,"logger":"fallback-logger","caller":"logging/config.go:69","msg":"Fetch GitHub commit ID from kodata failed: \"ref: refs/heads/0.8.0-**-support-backwards-incompats\" is not a valid GitHub commit ID"}
{"level":"info","ts":1584724579.1017482,"logger":"fallback-logger","caller":"creds-init/main.go:40","msg":"Credentials initialized."}

Showing logs for build [32mcb-kubecd-bdd-nh-1584718432-pr-rz9x4-1[0m stage [32mfrom-build-pack[0m and container [32mstep-working-dir-initializer-b94nc[0m
{"level":"warn","ts":1584724580.2243633,"logger":"fallback-logger","caller":"logging/config.go:69","msg":"Fetch GitHub commit ID from kodata failed: open /var/run/ko/HEAD: no such file or directory"}
{"level":"info","ts":1584724580.2254553,"logger":"fallback-logger","caller":"bash/main.go:64","msg":"Successfully executed command \"sh -c mkdir -p /workspace/source\"; output "}

Showing logs for build [32mcb-kubecd-bdd-nh-1584718432-pr-rz9x4-1[0m stage [32mfrom-build-pack[0m and container [32mstep-place-tools[0m

Showing logs for build [32mcb-kubecd-bdd-nh-1584718432-pr-rz9x4-1[0m stage [32mfrom-build-pack[0m and container [32mstep-git-source-cb-kubecd-bdd-nh-1584718432-pr-rz9x4-plm6l[0m
{"level":"warn","ts":1584724585.3269255,"logger":"fallback-logger","caller":"logging/config.go:69","msg":"Fetch GitHub commit ID from kodata failed: \"ref: refs/heads/0.8.0-**-support-backwards-incompats\" is not a valid GitHub commit ID"}
{"level":"info","ts":1584724585.5011702,"logger":"fallback-logger","caller":"git/git.go:103","msg":"Successfully cloned https://github.com/cb-kubecd/bdd-nh-1584718432.git @ master in path /workspace/source"}

Showing logs for build [32mcb-kubecd-bdd-nh-1584718432-pr-rz9x4-1[0m stage [32mfrom-build-pack[0m and container [32mstep-git-merge[0m
Using SHAs from PULL_REFS=master:5c408e540f8bff4a906734ff3aee9865b9bb4f57,1:fd3368c91bfc1ac9f0042209ffb28446da8cb93a
DEBUG: LC_ALL=C JX_LOG_LEVEL=error git fetch origin --unshallow fd3368c91bfc1ac9f0042209ffb28446da8cb93a: 5c408e540f8bff4a906734ff3aee9865b9bb4f57:
DEBUG: ran git fetch --unshallow origin fd3368c91bfc1ac9f0042209ffb28446da8cb93a: 5c408e540f8bff4a906734ff3aee9865b9bb4f57: in 
DEBUG: LC_ALL=C JX_LOG_LEVEL=error git branch
DEBUG: LC_ALL=C JX_LOG_LEVEL=error git checkout master
DEBUG: ran git checkout master in 
DEBUG: LC_ALL=C JX_LOG_LEVEL=error git reset --hard 5c408e540f8bff4a906734ff3aee9865b9bb4f57
DEBUG: ran git reset --hard 5c408e540f8bff4a906734ff3aee9865b9bb4f57 in 
DEBUG: LC_ALL=C JX_LOG_LEVEL=error git clean -fd .
DEBUG: ran clean --force -d . in 
DEBUG: LC_ALL=C JX_LOG_LEVEL=error git merge fd3368c91bfc1ac9f0042209ffb28446da8cb93a
DEBUG: ran git merge fd3368c91bfc1ac9f0042209ffb28446da8cb93a in 
DEBUG: LC_ALL=C JX_LOG_LEVEL=error git log --format=%H%x1f%an%x1f%ae%x1f%cn%x1f%ce%x1f%s%n%b%x1e 5c408e540f8bff4a906734ff3aee9865b9bb4f57..HEAD
Merged SHA fd3368c91bfc1ac9f0042209ffb28446da8cb93a with commit message 'My first PR commit' into base branch master

Showing logs for build [32mcb-kubecd-bdd-nh-1584718432-pr-rz9x4-1[0m stage [32mfrom-build-pack[0m and container [32mstep-build-npmrc[0m
Command "credential" is deprecated, it will be removed on Jun 1 2020.  This is replaced by Tekton's mounted secrets
WARNING: failed to find Secret npm-token in namespace **

Showing logs for build [32mcb-kubecd-bdd-nh-1584718432-pr-rz9x4-1[0m stage [32mfrom-build-pack[0m and container [32mstep-build-npm-install[0m
npm notice created a lockfile as package-lock.json. You should commit this file.
npm WARN REPLACE_ME@1.0.0 No repository field.
npm WARN REPLACE_ME@1.0.0 No license field.

up to date in 0.253s
found 0 vulnerabilities


Showing logs for build [32mcb-kubecd-bdd-nh-1584718432-pr-rz9x4-1[0m stage [32mfrom-build-pack[0m and container [32mstep-build-npm-test[0m

> REPLACE_ME@1.0.0 test /workspace/source
> echo "no test specified" && exit 0

no test specified

Showing logs for build [32mcb-kubecd-bdd-nh-1584718432-pr-rz9x4-1[0m stage [32mfrom-build-pack[0m and container [32mstep-build-container-build[0m
[36mINFO[0m[0000] Downloading base image node:9-slim           
2020/03/20 17:16:30 No matching credentials were found, falling back on anonymous
[36mINFO[0m[0000] Error while retrieving image from cache: getting file info: stat /workspace/sha256:0e0175bbe4f8d9d104590d8d2c591017874e30977cb71aaff1cf6fa99479575c: no such file or directory 
[36mINFO[0m[0000] Downloading base image node:9-slim           
2020/03/20 17:16:30 No matching credentials were found, falling back on anonymous
[36mINFO[0m[0000] Executing 0 build triggers                   
[36mINFO[0m[0000] cmd: EXPOSE                                  
[36mINFO[0m[0000] Adding exposed port: 8080/tcp                
[36mINFO[0m[0000] Using files from context: [/workspace/source] 
[36mINFO[0m[0000] Skipping unpacking as no commands require it. 
[36mINFO[0m[0000] Taking snapshot of full filesystem...        
[36mINFO[0m[0000] ENV PORT 8080                                
[36mINFO[0m[0000] No files changed in this command, skipping snapshotting. 
[36mINFO[0m[0000] EXPOSE 8080                                  
[36mINFO[0m[0000] cmd: EXPOSE                                  
[36mINFO[0m[0000] Adding exposed port: 8080/tcp                
[36mINFO[0m[0000] No files changed in this command, skipping snapshotting. 
[36mINFO[0m[0000] WORKDIR /usr/src/app                         
[36mINFO[0m[0000] cmd: workdir                                 
[36mINFO[0m[0000] Changed working directory to /usr/src/app    
[36mINFO[0m[0000] Creating directory /usr/src/app              
[36mINFO[0m[0000] Taking snapshot of files...                  
[36mINFO[0m[0000] Using files from context: [/workspace/source] 
[36mINFO[0m[0000] COPY . .                                     
[36mINFO[0m[0000] Taking snapshot of files...                  
[36mINFO[0m[0000] CMD ["npm", "start"]                         
[36mINFO[0m[0000] No files changed in this command, skipping snapshotting. 
2020/03/20 17:16:30 existing blob: sha256:7d083412657baa2dafba8d093034ef26f9ed2c90fb6ed95f76bb55aff03ed429
2020/03/20 17:16:30 existing blob: sha256:e01bd28a434b56ffd2a3fe9aa99b9b69aecca69904843edd30b1ee7150d79904
2020/03/20 17:16:30 existing blob: sha256:a88538b9cd05cfa611e43a25582a95ad7879f6fa708b0386a26b71ee62235bb3
2020/03/20 17:16:30 existing blob: sha256:196b8e3c919d5639193ba6c6e54774528942041bbc37606631a2250502985c3c
2020/03/20 17:16:30 existing blob: sha256:5bba3ecb4cd6374a19da45f2a3db0a9c0804984358b3bb4b666c28944016e5ff
2020/03/20 17:16:31 pushed blob: sha256:68c29522122d0961397485d294af970be4bc57f2786ea65b5d4c4ee7befb3e67
2020/03/20 17:16:31 pushed blob: sha256:aa71f3c99fce704184ed2c75eb93887b80b3b8313b2a653c5f7c2d522beee39c
2020/03/20 17:16:32 pushed blob: sha256:bc3be5914edb8dc987d62f2608c41fed52b94acac3a90ae352263c3ab5f8312c
2020/03/20 17:16:32 296178596335.dkr.ecr.us-east-1.amazonaws.com/cb-kubecd/bdd-nh-1584718432:0.0.0-SNAPSHOT-PR-1-1: digest: sha256:fb41ad382c0c28ad449c9b7dc08e614aaf868d3c7e901a87b1edd1e8c6b97981 size: 1404

Showing logs for build [32mcb-kubecd-bdd-nh-1584718432-pr-rz9x4-1[0m stage [32mfrom-build-pack[0m and container [32mstep-postbuild-post-build[0m
no CVE provider running in the current ** namespace so skip adding image to be analysed

Showing logs for build [32mcb-kubecd-bdd-nh-1584718432-pr-rz9x4-1[0m stage [32mfrom-build-pack[0m and container [32mstep-promote-make-preview[0m
sed -i -e "s/version:.*/version: 0.0.0-SNAPSHOT-PR-1-1/" Chart.yaml
sed -i -e "s/version:.*/version: 0.0.0-SNAPSHOT-PR-1-1/" ../*/Chart.yaml
sed -i -e "s|repository:.*|repository: 296178596335.dkr.ecr.us-east-1.amazonaws.com\/cb-kubecd\/bdd-nh-1584718432|" values.yaml
sed -i -e "s/tag:.*/tag: 0.0.0-SNAPSHOT-PR-1-1/" values.yaml
echo "  version: 0.0.0-SNAPSHOT-PR-1-1" >> requirements.yaml
** step helm build
WARNING: No $CHART_REPOSITORY defined so using the default value of: http://jenkins-x-chartmuseum:8080
Adding missing Helm repo: storage.googleapis.com https://storage.googleapis.com/chartmuseum.jenkins-x.io
WARNING: No secrets found on "helm/repos" due: reading the secret "helm/repos" from vault: no secret "helm/repos" not found in vault
Read credentials for https://storage.googleapis.com/chartmuseum.jenkins-x.io from vault helm/repos
Successfully added Helm repository storage.googleapis.com.
Adding missing Helm repo: jenkins-x-chartmuseum http://jenkins-x-chartmuseum:8080
WARNING: No secrets found on "helm/repos" due: reading the secret "helm/repos" from vault: no secret "helm/repos" not found in vault
Read credentials for http://jenkins-x-chartmuseum:8080 from vault helm/repos
Successfully added Helm repository jenkins-x-chartmuseum.
WARNING: No $CHART_REPOSITORY defined so using the default value of: http://jenkins-x-chartmuseum:8080
Adding missing Helm repo: chartmuseum.jenkins-x.io http://chartmuseum.jenkins-x.io
WARNING: No secrets found on "helm/repos" due: reading the secret "helm/repos" from vault: no secret "helm/repos" not found in vault
Read credentials for http://chartmuseum.jenkins-x.io from vault helm/repos
Successfully added Helm repository chartmuseum.jenkins-x.io.

Showing logs for build [32mcb-kubecd-bdd-nh-1584718432-pr-rz9x4-1[0m stage [32mfrom-build-pack[0m and container [32mstep-promote-jx-preview[0m
Creating a preview
Created environment cb-kubecd-bdd-nh-1584718432-pr-1
Namespace **-cb-kubecd-bdd-nh-1584718432-pr-1 created 
expose:
  Annotations:
    helm.sh/hook: post-install,post-upgrade
    helm.sh/hook-delete-policy: hook-succeeded
  config:
    domain: 3.224.124.13.nip.io
    exposer: Ingress
    http: "true"
preview:
  image:
    repository: 296178596335.dkr.ecr.us-east-1.amazonaws.com/cb-kubecd/bdd-nh-1584718432
    tag: 0.0.0-SNAPSHOT-PR-1-1

Updating PipelineActivities cb-kubecd-bdd-nh-1584718432-pr-1-1 which has status 
WARNING: preview application http://bdd-nh-1584718432.**-cb-kubecd-bdd-nh-1584718432-pr-1.3.224.124.13.nip.io not available, error was 503 503 Service Temporarily Unavailable, delaying for: 934.912474ms
WARNING: preview application http://bdd-nh-1584718432.**-cb-kubecd-bdd-nh-1584718432-pr-1.3.224.124.13.nip.io not available, error was 503 503 Service Temporarily Unavailable, delaying for: 1.68541324s
WARNING: preview application http://bdd-nh-1584718432.**-cb-kubecd-bdd-nh-1584718432-pr-1.3.224.124.13.nip.io not available, error was 503 503 Service Temporarily Unavailable, delaying for: 1.126156084s
WARNING: preview application http://bdd-nh-1584718432.**-cb-kubecd-bdd-nh-1584718432-pr-1.3.224.124.13.nip.io not available, error was 503 503 Service Temporarily Unavailable, delaying for: 3.367804883s
Preview application is now available at: http://bdd-nh-1584718432.**-cb-kubecd-bdd-nh-1584718432-pr-1.3.224.124.13.nip.io
